2020-09-03 11:30:51.981 >>> [main] >>> INFO  >>> o.s.c.c.client.ConfigServicePropertySourceLocator >>> Fetching config from server at : http://localhost:8888
2020-09-03 11:30:53.102 >>> [main] >>> INFO  >>> o.s.c.c.client.ConfigServicePropertySourceLocator >>> Connect Timeout Exception on Url - http://localhost:8888. Will be trying the next url if available
2020-09-03 11:30:53.105 >>> [main] >>> WARN  >>> o.s.c.c.client.ConfigServicePropertySourceLocator >>> Could not locate PropertySource: I/O error on GET request for "http://localhost:8888/application/default": Connection refused: connect; nested exception is java.net.ConnectException: Connection refused: connect
2020-09-03 11:30:53.110 >>> [main] >>> INFO  >>> com.example.demo.DemoApplication >>> No active profile set, falling back to default profiles: default
2020-09-03 11:30:53.461 >>> [main] >>> INFO  >>> o.s.d.r.config.RepositoryConfigurationDelegate >>> Multiple Spring Data modules found, entering strict repository configuration mode!
2020-09-03 11:30:53.463 >>> [main] >>> INFO  >>> o.s.d.r.config.RepositoryConfigurationDelegate >>> Bootstrapping Spring Data Redis repositories in DEFAULT mode.
2020-09-03 11:30:53.490 >>> [main] >>> INFO  >>> o.s.d.r.config.RepositoryConfigurationDelegate >>> Finished Spring Data repository scanning in 7ms. Found 0 Redis repository interfaces.
2020-09-03 11:30:53.621 >>> [main] >>> INFO  >>> o.springframework.cloud.context.scope.GenericScope >>> BeanFactory id=221876ef-4428-3b58-995d-efdc63db55ac
2020-09-03 11:30:53.903 >>> [main] >>> INFO  >>> o.s.boot.web.embedded.tomcat.TomcatWebServer >>> Tomcat initialized with port(s): 8080 (http)
2020-09-03 11:30:53.909 >>> [main] >>> INFO  >>> org.apache.catalina.core.StandardService >>> Starting service [Tomcat]
2020-09-03 11:30:53.909 >>> [main] >>> INFO  >>> org.apache.catalina.core.StandardEngine >>> Starting Servlet engine: [Apache Tomcat/9.0.34]
2020-09-03 11:30:54.007 >>> [main] >>> INFO  >>> o.a.c.core.ContainerBase.[Tomcat].[localhost].[/] >>> Initializing Spring embedded WebApplicationContext
2020-09-03 11:30:54.008 >>> [main] >>> INFO  >>> org.springframework.web.context.ContextLoader >>> Root WebApplicationContext: initialization completed in 872 ms
2020-09-03 11:30:54.183 >>> [main] >>> INFO  >>> o.s.scheduling.concurrent.ThreadPoolTaskExecutor >>> Initializing ExecutorService 'applicationTaskExecutor'
2020-09-03 11:30:54.309 >>> [main] >>> WARN  >>> o.s.b.w.s.c.AnnotationConfigServletWebServerApplicationContext >>> Exception encountered during context initialization - cancelling refresh attempt: org.springframework.beans.factory.BeanCreationException: Error creating bean with name 'dataSource' defined in class path resource [org/springframework/boot/autoconfigure/jdbc/DataSourceConfiguration$Hikari.class]: Bean instantiation via factory method failed; nested exception is org.springframework.beans.BeanInstantiationException: Failed to instantiate [com.zaxxer.hikari.HikariDataSource]: Factory method 'dataSource' threw exception; nested exception is org.springframework.boot.autoconfigure.jdbc.DataSourceProperties$DataSourceBeanCreationException: Failed to determine a suitable driver class
2020-09-03 11:30:54.309 >>> [main] >>> INFO  >>> o.s.scheduling.concurrent.ThreadPoolTaskExecutor >>> Shutting down ExecutorService 'applicationTaskExecutor'
2020-09-03 11:30:54.311 >>> [main] >>> INFO  >>> org.apache.catalina.core.StandardService >>> Stopping service [Tomcat]
2020-09-03 11:30:54.374 >>> [main] >>> INFO  >>> o.s.b.a.l.ConditionEvaluationReportLoggingListener >>> 

Error starting ApplicationContext. To display the conditions report re-run your application with 'debug' enabled.
2020-09-03 11:30:54.380 >>> [main] >>> ERROR >>> o.s.b.diagnostics.LoggingFailureAnalysisReporter >>> 

***************************
APPLICATION FAILED TO START
***************************

Description:

Failed to configure a DataSource: 'url' attribute is not specified and no embedded datasource could be configured.

Reason: Failed to determine a suitable driver class


Action:

Consider the following:
	If you want an embedded database (H2, HSQL or Derby), please put it on the classpath.
	If you have database settings to be loaded from a particular profile you may need to activate it (no profiles are currently active).

2020-09-03 11:31:30.022 >>> [main] >>> INFO  >>> o.s.c.c.client.ConfigServicePropertySourceLocator >>> Fetching config from server at : http://localhost:8888
2020-09-03 11:31:31.142 >>> [main] >>> INFO  >>> o.s.c.c.client.ConfigServicePropertySourceLocator >>> Connect Timeout Exception on Url - http://localhost:8888. Will be trying the next url if available
2020-09-03 11:31:31.143 >>> [main] >>> WARN  >>> o.s.c.c.client.ConfigServicePropertySourceLocator >>> Could not locate PropertySource: I/O error on GET request for "http://localhost:8888/application/default": Connection refused: connect; nested exception is java.net.ConnectException: Connection refused: connect
2020-09-03 11:31:31.147 >>> [main] >>> INFO  >>> com.example.demo.DemoApplication >>> No active profile set, falling back to default profiles: default
2020-09-03 11:31:31.492 >>> [main] >>> INFO  >>> o.s.d.r.config.RepositoryConfigurationDelegate >>> Multiple Spring Data modules found, entering strict repository configuration mode!
2020-09-03 11:31:31.493 >>> [main] >>> INFO  >>> o.s.d.r.config.RepositoryConfigurationDelegate >>> Bootstrapping Spring Data Redis repositories in DEFAULT mode.
2020-09-03 11:31:31.510 >>> [main] >>> INFO  >>> o.s.d.r.config.RepositoryConfigurationDelegate >>> Finished Spring Data repository scanning in 6ms. Found 0 Redis repository interfaces.
2020-09-03 11:31:31.650 >>> [main] >>> INFO  >>> o.springframework.cloud.context.scope.GenericScope >>> BeanFactory id=b1b5aba5-0639-3604-ad22-67c6e87735d1
2020-09-03 11:31:31.919 >>> [main] >>> INFO  >>> o.s.boot.web.embedded.tomcat.TomcatWebServer >>> Tomcat initialized with port(s): 8080 (http)
2020-09-03 11:31:31.932 >>> [main] >>> INFO  >>> org.apache.catalina.core.StandardService >>> Starting service [Tomcat]
2020-09-03 11:31:31.932 >>> [main] >>> INFO  >>> org.apache.catalina.core.StandardEngine >>> Starting Servlet engine: [Apache Tomcat/9.0.34]
2020-09-03 11:31:32.023 >>> [main] >>> INFO  >>> o.a.c.core.ContainerBase.[Tomcat].[localhost].[/] >>> Initializing Spring embedded WebApplicationContext
2020-09-03 11:31:32.023 >>> [main] >>> INFO  >>> org.springframework.web.context.ContextLoader >>> Root WebApplicationContext: initialization completed in 853 ms
2020-09-03 11:31:32.200 >>> [main] >>> INFO  >>> o.s.scheduling.concurrent.ThreadPoolTaskExecutor >>> Initializing ExecutorService 'applicationTaskExecutor'
2020-09-03 11:31:32.758 >>> [main] >>> INFO  >>> org.apache.catalina.core.StandardService >>> Stopping service [Tomcat]
2020-09-03 11:31:32.817 >>> [main] >>> INFO  >>> o.s.b.a.l.ConditionEvaluationReportLoggingListener >>> 

Error starting ApplicationContext. To display the conditions report re-run your application with 'debug' enabled.
2020-09-03 11:31:32.828 >>> [main] >>> INFO  >>> o.s.scheduling.concurrent.ThreadPoolTaskExecutor >>> Shutting down ExecutorService 'applicationTaskExecutor'
2020-09-03 11:31:32.833 >>> [main] >>> ERROR >>> o.s.b.diagnostics.LoggingFailureAnalysisReporter >>> 

***************************
APPLICATION FAILED TO START
***************************

Description:

Web server failed to start. Port 8080 was already in use.

Action:

Identify and stop the process that's listening on port 8080 or configure this application to listen on another port.

2020-09-03 11:31:49.263 >>> [main] >>> INFO  >>> o.s.c.c.client.ConfigServicePropertySourceLocator >>> Fetching config from server at : http://localhost:8888
2020-09-03 11:31:50.398 >>> [main] >>> INFO  >>> o.s.c.c.client.ConfigServicePropertySourceLocator >>> Connect Timeout Exception on Url - http://localhost:8888. Will be trying the next url if available
2020-09-03 11:31:50.398 >>> [main] >>> WARN  >>> o.s.c.c.client.ConfigServicePropertySourceLocator >>> Could not locate PropertySource: I/O error on GET request for "http://localhost:8888/application/default": Connection refused: connect; nested exception is java.net.ConnectException: Connection refused: connect
2020-09-03 11:31:50.400 >>> [main] >>> INFO  >>> com.example.demo.DemoApplication >>> No active profile set, falling back to default profiles: default
2020-09-03 11:31:50.799 >>> [main] >>> INFO  >>> o.s.d.r.config.RepositoryConfigurationDelegate >>> Multiple Spring Data modules found, entering strict repository configuration mode!
2020-09-03 11:31:50.800 >>> [main] >>> INFO  >>> o.s.d.r.config.RepositoryConfigurationDelegate >>> Bootstrapping Spring Data Redis repositories in DEFAULT mode.
2020-09-03 11:31:50.819 >>> [main] >>> INFO  >>> o.s.d.r.config.RepositoryConfigurationDelegate >>> Finished Spring Data repository scanning in 9ms. Found 0 Redis repository interfaces.
2020-09-03 11:31:50.970 >>> [main] >>> INFO  >>> o.springframework.cloud.context.scope.GenericScope >>> BeanFactory id=b1b5aba5-0639-3604-ad22-67c6e87735d1
2020-09-03 11:31:51.238 >>> [main] >>> INFO  >>> o.s.boot.web.embedded.tomcat.TomcatWebServer >>> Tomcat initialized with port(s): 8080 (http)
2020-09-03 11:31:51.245 >>> [main] >>> INFO  >>> org.apache.catalina.core.StandardService >>> Starting service [Tomcat]
2020-09-03 11:31:51.246 >>> [main] >>> INFO  >>> org.apache.catalina.core.StandardEngine >>> Starting Servlet engine: [Apache Tomcat/9.0.34]
2020-09-03 11:31:51.354 >>> [main] >>> INFO  >>> o.a.c.core.ContainerBase.[Tomcat].[localhost].[/] >>> Initializing Spring embedded WebApplicationContext
2020-09-03 11:31:51.354 >>> [main] >>> INFO  >>> org.springframework.web.context.ContextLoader >>> Root WebApplicationContext: initialization completed in 945 ms
2020-09-03 11:31:51.608 >>> [main] >>> INFO  >>> o.s.scheduling.concurrent.ThreadPoolTaskExecutor >>> Initializing ExecutorService 'applicationTaskExecutor'
2020-09-03 11:31:52.230 >>> [main] >>> INFO  >>> org.apache.catalina.core.StandardService >>> Stopping service [Tomcat]
2020-09-03 11:31:52.283 >>> [main] >>> INFO  >>> o.s.b.a.l.ConditionEvaluationReportLoggingListener >>> 

Error starting ApplicationContext. To display the conditions report re-run your application with 'debug' enabled.
2020-09-03 11:31:52.295 >>> [main] >>> INFO  >>> o.s.scheduling.concurrent.ThreadPoolTaskExecutor >>> Shutting down ExecutorService 'applicationTaskExecutor'
2020-09-03 11:31:52.299 >>> [main] >>> ERROR >>> o.s.b.diagnostics.LoggingFailureAnalysisReporter >>> 

***************************
APPLICATION FAILED TO START
***************************

Description:

Web server failed to start. Port 8080 was already in use.

Action:

Identify and stop the process that's listening on port 8080 or configure this application to listen on another port.

2020-09-03 11:31:59.041 >>> [main] >>> INFO  >>> o.s.c.c.client.ConfigServicePropertySourceLocator >>> Fetching config from server at : http://localhost:8888
2020-09-03 11:32:00.142 >>> [main] >>> INFO  >>> o.s.c.c.client.ConfigServicePropertySourceLocator >>> Connect Timeout Exception on Url - http://localhost:8888. Will be trying the next url if available
2020-09-03 11:32:00.142 >>> [main] >>> WARN  >>> o.s.c.c.client.ConfigServicePropertySourceLocator >>> Could not locate PropertySource: I/O error on GET request for "http://localhost:8888/application/default": Connection refused: connect; nested exception is java.net.ConnectException: Connection refused: connect
2020-09-03 11:32:00.143 >>> [main] >>> INFO  >>> com.example.demo.DemoApplication >>> No active profile set, falling back to default profiles: default
2020-09-03 11:32:00.476 >>> [main] >>> INFO  >>> o.s.d.r.config.RepositoryConfigurationDelegate >>> Multiple Spring Data modules found, entering strict repository configuration mode!
2020-09-03 11:32:00.477 >>> [main] >>> INFO  >>> o.s.d.r.config.RepositoryConfigurationDelegate >>> Bootstrapping Spring Data Redis repositories in DEFAULT mode.
2020-09-03 11:32:00.501 >>> [main] >>> INFO  >>> o.s.d.r.config.RepositoryConfigurationDelegate >>> Finished Spring Data repository scanning in 8ms. Found 0 Redis repository interfaces.
2020-09-03 11:32:00.631 >>> [main] >>> INFO  >>> o.springframework.cloud.context.scope.GenericScope >>> BeanFactory id=b1b5aba5-0639-3604-ad22-67c6e87735d1
2020-09-03 11:32:00.902 >>> [main] >>> INFO  >>> o.s.boot.web.embedded.tomcat.TomcatWebServer >>> Tomcat initialized with port(s): 8080 (http)
2020-09-03 11:32:00.909 >>> [main] >>> INFO  >>> org.apache.catalina.core.StandardService >>> Starting service [Tomcat]
2020-09-03 11:32:00.910 >>> [main] >>> INFO  >>> org.apache.catalina.core.StandardEngine >>> Starting Servlet engine: [Apache Tomcat/9.0.34]
2020-09-03 11:32:01.004 >>> [main] >>> INFO  >>> o.a.c.core.ContainerBase.[Tomcat].[localhost].[/] >>> Initializing Spring embedded WebApplicationContext
2020-09-03 11:32:01.004 >>> [main] >>> INFO  >>> org.springframework.web.context.ContextLoader >>> Root WebApplicationContext: initialization completed in 852 ms
2020-09-03 11:32:01.187 >>> [main] >>> INFO  >>> o.s.scheduling.concurrent.ThreadPoolTaskExecutor >>> Initializing ExecutorService 'applicationTaskExecutor'
2020-09-03 11:32:01.756 >>> [main] >>> INFO  >>> o.s.boot.web.embedded.tomcat.TomcatWebServer >>> Tomcat started on port(s): 8080 (http) with context path ''
2020-09-03 11:32:01.813 >>> [main] >>> INFO  >>> com.example.demo.DemoApplication >>> Started DemoApplication in 3.911 seconds (JVM running for 4.533)
2020-09-03 11:32:09.004 >>> [SpringContextShutdownHook] >>> INFO  >>> o.s.scheduling.concurrent.ThreadPoolTaskExecutor >>> Shutting down ExecutorService 'applicationTaskExecutor'
2020-09-03 11:32:12.634 >>> [main] >>> INFO  >>> o.s.c.c.client.ConfigServicePropertySourceLocator >>> Fetching config from server at : http://localhost:8888
2020-09-03 11:32:13.750 >>> [main] >>> INFO  >>> o.s.c.c.client.ConfigServicePropertySourceLocator >>> Connect Timeout Exception on Url - http://localhost:8888. Will be trying the next url if available
2020-09-03 11:32:13.752 >>> [main] >>> WARN  >>> o.s.c.c.client.ConfigServicePropertySourceLocator >>> Could not locate PropertySource: I/O error on GET request for "http://localhost:8888/application/default": Connection refused: connect; nested exception is java.net.ConnectException: Connection refused: connect
2020-09-03 11:32:13.756 >>> [main] >>> INFO  >>> com.example.demo.DemoApplication >>> No active profile set, falling back to default profiles: default
2020-09-03 11:32:14.093 >>> [main] >>> INFO  >>> o.s.d.r.config.RepositoryConfigurationDelegate >>> Multiple Spring Data modules found, entering strict repository configuration mode!
2020-09-03 11:32:14.095 >>> [main] >>> INFO  >>> o.s.d.r.config.RepositoryConfigurationDelegate >>> Bootstrapping Spring Data Redis repositories in DEFAULT mode.
2020-09-03 11:32:14.118 >>> [main] >>> INFO  >>> o.s.d.r.config.RepositoryConfigurationDelegate >>> Finished Spring Data repository scanning in 8ms. Found 0 Redis repository interfaces.
2020-09-03 11:32:14.247 >>> [main] >>> INFO  >>> o.springframework.cloud.context.scope.GenericScope >>> BeanFactory id=221876ef-4428-3b58-995d-efdc63db55ac
2020-09-03 11:32:14.523 >>> [main] >>> INFO  >>> o.s.boot.web.embedded.tomcat.TomcatWebServer >>> Tomcat initialized with port(s): 8080 (http)
2020-09-03 11:32:14.531 >>> [main] >>> INFO  >>> org.apache.catalina.core.StandardService >>> Starting service [Tomcat]
2020-09-03 11:32:14.531 >>> [main] >>> INFO  >>> org.apache.catalina.core.StandardEngine >>> Starting Servlet engine: [Apache Tomcat/9.0.34]
2020-09-03 11:32:14.622 >>> [main] >>> INFO  >>> o.a.c.core.ContainerBase.[Tomcat].[localhost].[/] >>> Initializing Spring embedded WebApplicationContext
2020-09-03 11:32:14.622 >>> [main] >>> INFO  >>> org.springframework.web.context.ContextLoader >>> Root WebApplicationContext: initialization completed in 840 ms
2020-09-03 11:32:14.804 >>> [main] >>> INFO  >>> o.s.scheduling.concurrent.ThreadPoolTaskExecutor >>> Initializing ExecutorService 'applicationTaskExecutor'
2020-09-03 11:32:14.933 >>> [main] >>> WARN  >>> o.s.b.w.s.c.AnnotationConfigServletWebServerApplicationContext >>> Exception encountered during context initialization - cancelling refresh attempt: org.springframework.beans.factory.BeanCreationException: Error creating bean with name 'dataSource' defined in class path resource [org/springframework/boot/autoconfigure/jdbc/DataSourceConfiguration$Hikari.class]: Bean instantiation via factory method failed; nested exception is org.springframework.beans.BeanInstantiationException: Failed to instantiate [com.zaxxer.hikari.HikariDataSource]: Factory method 'dataSource' threw exception; nested exception is org.springframework.boot.autoconfigure.jdbc.DataSourceProperties$DataSourceBeanCreationException: Failed to determine a suitable driver class
2020-09-03 11:32:14.933 >>> [main] >>> INFO  >>> o.s.scheduling.concurrent.ThreadPoolTaskExecutor >>> Shutting down ExecutorService 'applicationTaskExecutor'
2020-09-03 11:32:14.934 >>> [main] >>> INFO  >>> org.apache.catalina.core.StandardService >>> Stopping service [Tomcat]
2020-09-03 11:32:14.998 >>> [main] >>> INFO  >>> o.s.b.a.l.ConditionEvaluationReportLoggingListener >>> 

Error starting ApplicationContext. To display the conditions report re-run your application with 'debug' enabled.
2020-09-03 11:32:15.004 >>> [main] >>> ERROR >>> o.s.b.diagnostics.LoggingFailureAnalysisReporter >>> 

***************************
APPLICATION FAILED TO START
***************************

Description:

Failed to configure a DataSource: 'url' attribute is not specified and no embedded datasource could be configured.

Reason: Failed to determine a suitable driver class


Action:

Consider the following:
	If you want an embedded database (H2, HSQL or Derby), please put it on the classpath.
	If you have database settings to be loaded from a particular profile you may need to activate it (no profiles are currently active).

2020-09-03 11:32:24.327 >>> [main] >>> INFO  >>> o.s.c.c.client.ConfigServicePropertySourceLocator >>> Fetching config from server at : http://localhost:8888
2020-09-03 11:32:25.425 >>> [main] >>> INFO  >>> o.s.c.c.client.ConfigServicePropertySourceLocator >>> Connect Timeout Exception on Url - http://localhost:8888. Will be trying the next url if available
2020-09-03 11:32:25.425 >>> [main] >>> WARN  >>> o.s.c.c.client.ConfigServicePropertySourceLocator >>> Could not locate PropertySource: I/O error on GET request for "http://localhost:8888/application/default": Connection refused: connect; nested exception is java.net.ConnectException: Connection refused: connect
2020-09-03 11:32:25.427 >>> [main] >>> INFO  >>> com.example.demo.DemoApplication >>> No active profile set, falling back to default profiles: default
2020-09-03 11:32:25.777 >>> [main] >>> INFO  >>> o.s.d.r.config.RepositoryConfigurationDelegate >>> Multiple Spring Data modules found, entering strict repository configuration mode!
2020-09-03 11:32:25.779 >>> [main] >>> INFO  >>> o.s.d.r.config.RepositoryConfigurationDelegate >>> Bootstrapping Spring Data Redis repositories in DEFAULT mode.
2020-09-03 11:32:25.804 >>> [main] >>> INFO  >>> o.s.d.r.config.RepositoryConfigurationDelegate >>> Finished Spring Data repository scanning in 8ms. Found 0 Redis repository interfaces.
2020-09-03 11:32:25.956 >>> [main] >>> INFO  >>> o.springframework.cloud.context.scope.GenericScope >>> BeanFactory id=b1b5aba5-0639-3604-ad22-67c6e87735d1
2020-09-03 11:32:26.213 >>> [main] >>> INFO  >>> o.s.boot.web.embedded.tomcat.TomcatWebServer >>> Tomcat initialized with port(s): 8080 (http)
2020-09-03 11:32:26.219 >>> [main] >>> INFO  >>> org.apache.catalina.core.StandardService >>> Starting service [Tomcat]
2020-09-03 11:32:26.220 >>> [main] >>> INFO  >>> org.apache.catalina.core.StandardEngine >>> Starting Servlet engine: [Apache Tomcat/9.0.34]
2020-09-03 11:32:26.318 >>> [main] >>> INFO  >>> o.a.c.core.ContainerBase.[Tomcat].[localhost].[/] >>> Initializing Spring embedded WebApplicationContext
2020-09-03 11:32:26.318 >>> [main] >>> INFO  >>> org.springframework.web.context.ContextLoader >>> Root WebApplicationContext: initialization completed in 882 ms
2020-09-03 11:32:26.499 >>> [main] >>> INFO  >>> o.s.scheduling.concurrent.ThreadPoolTaskExecutor >>> Initializing ExecutorService 'applicationTaskExecutor'
2020-09-03 11:32:27.093 >>> [main] >>> INFO  >>> o.s.boot.web.embedded.tomcat.TomcatWebServer >>> Tomcat started on port(s): 8080 (http) with context path ''
2020-09-03 11:32:27.146 >>> [main] >>> INFO  >>> com.example.demo.DemoApplication >>> Started DemoApplication in 3.874 seconds (JVM running for 4.458)
2020-09-03 11:32:48.412 >>> [http-nio-8080-exec-1] >>> INFO  >>> org.apache.coyote.http11.Http11Processor >>> Error parsing HTTP request header
 Note: further occurrences of HTTP request parsing errors will be logged at DEBUG level.
java.lang.IllegalArgumentException: Invalid character found in method name. HTTP method names must be tokens
	at org.apache.coyote.http11.Http11InputBuffer.parseRequestLine(Http11InputBuffer.java:418) ~[tomcat-embed-core-9.0.34.jar:9.0.34]
	at org.apache.coyote.http11.Http11Processor.service(Http11Processor.java:260) ~[tomcat-embed-core-9.0.34.jar:9.0.34]
	at org.apache.coyote.AbstractProcessorLight.process(AbstractProcessorLight.java:65) [tomcat-embed-core-9.0.34.jar:9.0.34]
	at org.apache.coyote.AbstractProtocol$ConnectionHandler.process(AbstractProtocol.java:868) [tomcat-embed-core-9.0.34.jar:9.0.34]
	at org.apache.tomcat.util.net.NioEndpoint$SocketProcessor.doRun(NioEndpoint.java:1590) [tomcat-embed-core-9.0.34.jar:9.0.34]
	at org.apache.tomcat.util.net.SocketProcessorBase.run(SocketProcessorBase.java:49) [tomcat-embed-core-9.0.34.jar:9.0.34]
	at java.util.concurrent.ThreadPoolExecutor.runWorker(ThreadPoolExecutor.java:1142) [na:1.8.0_91]
	at java.util.concurrent.ThreadPoolExecutor$Worker.run(ThreadPoolExecutor.java:617) [na:1.8.0_91]
	at org.apache.tomcat.util.threads.TaskThread$WrappingRunnable.run(TaskThread.java:61) [tomcat-embed-core-9.0.34.jar:9.0.34]
	at java.lang.Thread.run(Thread.java:745) [na:1.8.0_91]
2020-09-03 11:32:48.412 >>> [http-nio-8080-exec-5] >>> INFO  >>> org.apache.coyote.http11.Http11Processor >>> Error parsing HTTP request header
 Note: further occurrences of HTTP request parsing errors will be logged at DEBUG level.
java.lang.IllegalArgumentException: Invalid character found in method name. HTTP method names must be tokens
	at org.apache.coyote.http11.Http11InputBuffer.parseRequestLine(Http11InputBuffer.java:418) ~[tomcat-embed-core-9.0.34.jar:9.0.34]
	at org.apache.coyote.http11.Http11Processor.service(Http11Processor.java:260) ~[tomcat-embed-core-9.0.34.jar:9.0.34]
	at org.apache.coyote.AbstractProcessorLight.process(AbstractProcessorLight.java:65) [tomcat-embed-core-9.0.34.jar:9.0.34]
	at org.apache.coyote.AbstractProtocol$ConnectionHandler.process(AbstractProtocol.java:868) [tomcat-embed-core-9.0.34.jar:9.0.34]
	at org.apache.tomcat.util.net.NioEndpoint$SocketProcessor.doRun(NioEndpoint.java:1590) [tomcat-embed-core-9.0.34.jar:9.0.34]
	at org.apache.tomcat.util.net.SocketProcessorBase.run(SocketProcessorBase.java:49) [tomcat-embed-core-9.0.34.jar:9.0.34]
	at java.util.concurrent.ThreadPoolExecutor.runWorker(ThreadPoolExecutor.java:1142) [na:1.8.0_91]
	at java.util.concurrent.ThreadPoolExecutor$Worker.run(ThreadPoolExecutor.java:617) [na:1.8.0_91]
	at org.apache.tomcat.util.threads.TaskThread$WrappingRunnable.run(TaskThread.java:61) [tomcat-embed-core-9.0.34.jar:9.0.34]
	at java.lang.Thread.run(Thread.java:745) [na:1.8.0_91]
2020-09-03 11:33:54.914 >>> [SpringContextShutdownHook] >>> INFO  >>> o.s.scheduling.concurrent.ThreadPoolTaskExecutor >>> Shutting down ExecutorService 'applicationTaskExecutor'
2020-09-03 11:37:48.590 >>> [main] >>> INFO  >>> o.s.c.c.client.ConfigServicePropertySourceLocator >>> Fetching config from server at : http://localhost:8888
2020-09-03 11:37:49.681 >>> [main] >>> INFO  >>> o.s.c.c.client.ConfigServicePropertySourceLocator >>> Connect Timeout Exception on Url - http://localhost:8888. Will be trying the next url if available
2020-09-03 11:37:49.681 >>> [main] >>> WARN  >>> o.s.c.c.client.ConfigServicePropertySourceLocator >>> Could not locate PropertySource: I/O error on GET request for "http://localhost:8888/application/default": Connection refused: connect; nested exception is java.net.ConnectException: Connection refused: connect
2020-09-03 11:37:49.683 >>> [main] >>> INFO  >>> com.example.demo.DemoApplication >>> No active profile set, falling back to default profiles: default
2020-09-03 11:37:49.952 >>> [main] >>> INFO  >>> o.s.d.r.config.RepositoryConfigurationDelegate >>> Multiple Spring Data modules found, entering strict repository configuration mode!
2020-09-03 11:37:49.954 >>> [main] >>> INFO  >>> o.s.d.r.config.RepositoryConfigurationDelegate >>> Bootstrapping Spring Data Redis repositories in DEFAULT mode.
2020-09-03 11:37:49.970 >>> [main] >>> INFO  >>> o.s.d.r.config.RepositoryConfigurationDelegate >>> Finished Spring Data repository scanning in 7ms. Found 0 Redis repository interfaces.
2020-09-03 11:37:50.077 >>> [main] >>> INFO  >>> o.springframework.cloud.context.scope.GenericScope >>> BeanFactory id=b1b5aba5-0639-3604-ad22-67c6e87735d1
2020-09-03 11:37:50.297 >>> [main] >>> INFO  >>> o.s.boot.web.embedded.tomcat.TomcatWebServer >>> Tomcat initialized with port(s): 8080 (http)
2020-09-03 11:37:50.303 >>> [main] >>> INFO  >>> org.apache.catalina.core.StandardService >>> Starting service [Tomcat]
2020-09-03 11:37:50.303 >>> [main] >>> INFO  >>> org.apache.catalina.core.StandardEngine >>> Starting Servlet engine: [Apache Tomcat/9.0.34]
2020-09-03 11:37:50.382 >>> [main] >>> INFO  >>> o.a.c.core.ContainerBase.[Tomcat].[localhost].[/] >>> Initializing Spring embedded WebApplicationContext
2020-09-03 11:37:50.382 >>> [main] >>> INFO  >>> org.springframework.web.context.ContextLoader >>> Root WebApplicationContext: initialization completed in 690 ms
2020-09-03 11:37:50.528 >>> [main] >>> INFO  >>> o.s.scheduling.concurrent.ThreadPoolTaskExecutor >>> Initializing ExecutorService 'applicationTaskExecutor'
2020-09-03 11:37:50.986 >>> [main] >>> INFO  >>> o.s.boot.web.embedded.tomcat.TomcatWebServer >>> Tomcat started on port(s): 8080 (http) with context path ''
2020-09-03 11:37:51.033 >>> [main] >>> INFO  >>> com.example.demo.DemoApplication >>> Started DemoApplication in 3.148 seconds (JVM running for 3.609)
2020-09-03 11:37:57.639 >>> [http-nio-8080-exec-1] >>> INFO  >>> o.a.c.core.ContainerBase.[Tomcat].[localhost].[/] >>> Initializing Spring DispatcherServlet 'dispatcherServlet'
2020-09-03 11:37:57.640 >>> [http-nio-8080-exec-1] >>> INFO  >>> org.springframework.web.servlet.DispatcherServlet >>> Initializing Servlet 'dispatcherServlet'
2020-09-03 11:37:57.645 >>> [http-nio-8080-exec-1] >>> INFO  >>> org.springframework.web.servlet.DispatcherServlet >>> Completed initialization in 5 ms
2020-09-03 11:39:31.222 >>> [SpringContextShutdownHook] >>> INFO  >>> o.s.scheduling.concurrent.ThreadPoolTaskExecutor >>> Shutting down ExecutorService 'applicationTaskExecutor'
2020-09-03 11:39:35.293 >>> [main] >>> INFO  >>> o.s.c.c.client.ConfigServicePropertySourceLocator >>> Fetching config from server at : http://localhost:8888
2020-09-03 11:39:36.383 >>> [main] >>> INFO  >>> o.s.c.c.client.ConfigServicePropertySourceLocator >>> Connect Timeout Exception on Url - http://localhost:8888. Will be trying the next url if available
2020-09-03 11:39:36.385 >>> [main] >>> WARN  >>> o.s.c.c.client.ConfigServicePropertySourceLocator >>> Could not locate PropertySource: I/O error on GET request for "http://localhost:8888/application/default": Connection refused: connect; nested exception is java.net.ConnectException: Connection refused: connect
2020-09-03 11:39:36.387 >>> [main] >>> INFO  >>> com.example.demo.DemoApplication >>> No active profile set, falling back to default profiles: default
2020-09-03 11:39:36.652 >>> [main] >>> INFO  >>> o.s.d.r.config.RepositoryConfigurationDelegate >>> Multiple Spring Data modules found, entering strict repository configuration mode!
2020-09-03 11:39:36.653 >>> [main] >>> INFO  >>> o.s.d.r.config.RepositoryConfigurationDelegate >>> Bootstrapping Spring Data Redis repositories in DEFAULT mode.
2020-09-03 11:39:36.669 >>> [main] >>> INFO  >>> o.s.d.r.config.RepositoryConfigurationDelegate >>> Finished Spring Data repository scanning in 7ms. Found 0 Redis repository interfaces.
2020-09-03 11:39:36.775 >>> [main] >>> INFO  >>> o.springframework.cloud.context.scope.GenericScope >>> BeanFactory id=b1b5aba5-0639-3604-ad22-67c6e87735d1
2020-09-03 11:39:36.996 >>> [main] >>> INFO  >>> o.s.boot.web.embedded.tomcat.TomcatWebServer >>> Tomcat initialized with port(s): 8080 (http)
2020-09-03 11:39:37.003 >>> [main] >>> INFO  >>> org.apache.catalina.core.StandardService >>> Starting service [Tomcat]
2020-09-03 11:39:37.003 >>> [main] >>> INFO  >>> org.apache.catalina.core.StandardEngine >>> Starting Servlet engine: [Apache Tomcat/9.0.34]
2020-09-03 11:39:37.081 >>> [main] >>> INFO  >>> o.a.c.core.ContainerBase.[Tomcat].[localhost].[/] >>> Initializing Spring embedded WebApplicationContext
2020-09-03 11:39:37.081 >>> [main] >>> INFO  >>> org.springframework.web.context.ContextLoader >>> Root WebApplicationContext: initialization completed in 686 ms
2020-09-03 11:39:37.218 >>> [main] >>> INFO  >>> o.s.scheduling.concurrent.ThreadPoolTaskExecutor >>> Initializing ExecutorService 'applicationTaskExecutor'
2020-09-03 11:39:37.680 >>> [main] >>> INFO  >>> o.s.boot.web.embedded.tomcat.TomcatWebServer >>> Tomcat started on port(s): 8080 (http) with context path ''
2020-09-03 11:39:37.725 >>> [main] >>> INFO  >>> com.example.demo.DemoApplication >>> Started DemoApplication in 3.177 seconds (JVM running for 3.654)
2020-09-03 11:39:42.439 >>> [http-nio-8080-exec-1] >>> INFO  >>> o.a.c.core.ContainerBase.[Tomcat].[localhost].[/] >>> Initializing Spring DispatcherServlet 'dispatcherServlet'
2020-09-03 11:39:42.439 >>> [http-nio-8080-exec-1] >>> INFO  >>> org.springframework.web.servlet.DispatcherServlet >>> Initializing Servlet 'dispatcherServlet'
2020-09-03 11:39:42.443 >>> [http-nio-8080-exec-1] >>> INFO  >>> org.springframework.web.servlet.DispatcherServlet >>> Completed initialization in 4 ms
2020-09-03 11:39:42.458 >>> [http-nio-8080-exec-1] >>> INFO  >>> com.example.demo.HelloHandle >>> ip0:0:0:0:0:0:0:1
2020-09-03 11:43:47.008 >>> [SpringContextShutdownHook] >>> INFO  >>> o.s.scheduling.concurrent.ThreadPoolTaskExecutor >>> Shutting down ExecutorService 'applicationTaskExecutor'
2020-09-03 11:44:14.025 >>> [main] >>> INFO  >>> o.s.c.c.client.ConfigServicePropertySourceLocator >>> Fetching config from server at : http://localhost:8888
2020-09-03 11:44:15.107 >>> [main] >>> INFO  >>> o.s.c.c.client.ConfigServicePropertySourceLocator >>> Connect Timeout Exception on Url - http://localhost:8888. Will be trying the next url if available
2020-09-03 11:44:15.108 >>> [main] >>> WARN  >>> o.s.c.c.client.ConfigServicePropertySourceLocator >>> Could not locate PropertySource: I/O error on GET request for "http://localhost:8888/application/default": Connection refused: connect; nested exception is java.net.ConnectException: Connection refused: connect
2020-09-03 11:44:15.109 >>> [main] >>> INFO  >>> com.example.demo.DemoApplication >>> No active profile set, falling back to default profiles: default
2020-09-03 11:44:15.393 >>> [main] >>> INFO  >>> o.s.d.r.config.RepositoryConfigurationDelegate >>> Multiple Spring Data modules found, entering strict repository configuration mode!
2020-09-03 11:44:15.395 >>> [main] >>> INFO  >>> o.s.d.r.config.RepositoryConfigurationDelegate >>> Bootstrapping Spring Data Redis repositories in DEFAULT mode.
2020-09-03 11:44:15.410 >>> [main] >>> INFO  >>> o.s.d.r.config.RepositoryConfigurationDelegate >>> Finished Spring Data repository scanning in 7ms. Found 0 Redis repository interfaces.
2020-09-03 11:44:15.516 >>> [main] >>> INFO  >>> o.springframework.cloud.context.scope.GenericScope >>> BeanFactory id=b1b5aba5-0639-3604-ad22-67c6e87735d1
2020-09-03 11:44:15.746 >>> [main] >>> INFO  >>> o.s.boot.web.embedded.tomcat.TomcatWebServer >>> Tomcat initialized with port(s): 8080 (http)
2020-09-03 11:44:15.753 >>> [main] >>> INFO  >>> org.apache.catalina.core.StandardService >>> Starting service [Tomcat]
2020-09-03 11:44:15.753 >>> [main] >>> INFO  >>> org.apache.catalina.core.StandardEngine >>> Starting Servlet engine: [Apache Tomcat/9.0.34]
2020-09-03 11:44:15.834 >>> [main] >>> INFO  >>> o.a.c.core.ContainerBase.[Tomcat].[localhost].[/] >>> Initializing Spring embedded WebApplicationContext
2020-09-03 11:44:15.834 >>> [main] >>> INFO  >>> org.springframework.web.context.ContextLoader >>> Root WebApplicationContext: initialization completed in 716 ms
2020-09-03 11:44:15.992 >>> [main] >>> INFO  >>> o.s.scheduling.concurrent.ThreadPoolTaskExecutor >>> Initializing ExecutorService 'applicationTaskExecutor'
2020-09-03 11:44:16.485 >>> [main] >>> INFO  >>> o.s.boot.web.embedded.tomcat.TomcatWebServer >>> Tomcat started on port(s): 8080 (http) with context path ''
2020-09-03 11:44:16.534 >>> [main] >>> INFO  >>> com.example.demo.DemoApplication >>> Started DemoApplication in 3.23 seconds (JVM running for 4.089)
2020-09-03 11:44:16.697 >>> [http-nio-8080-exec-1] >>> INFO  >>> o.a.c.core.ContainerBase.[Tomcat].[localhost].[/] >>> Initializing Spring DispatcherServlet 'dispatcherServlet'
2020-09-03 11:44:16.697 >>> [http-nio-8080-exec-1] >>> INFO  >>> org.springframework.web.servlet.DispatcherServlet >>> Initializing Servlet 'dispatcherServlet'
2020-09-03 11:44:16.701 >>> [http-nio-8080-exec-1] >>> INFO  >>> org.springframework.web.servlet.DispatcherServlet >>> Completed initialization in 4 ms
2020-09-03 11:44:16.716 >>> [http-nio-8080-exec-1] >>> INFO  >>> com.example.demo.HelloHandle >>> 访问者ip0:0:0:0:0:0:0:1
2020-09-03 11:44:19.795 >>> [http-nio-8080-exec-2] >>> INFO  >>> com.example.demo.HelloHandle >>> 访问者ip0:0:0:0:0:0:0:1
2020-09-03 11:44:56.278 >>> [SpringContextShutdownHook] >>> INFO  >>> o.s.scheduling.concurrent.ThreadPoolTaskExecutor >>> Shutting down ExecutorService 'applicationTaskExecutor'
2020-09-03 11:45:02.815 >>> [main] >>> INFO  >>> o.s.c.c.client.ConfigServicePropertySourceLocator >>> Fetching config from server at : http://localhost:8888
2020-09-03 11:45:03.943 >>> [main] >>> INFO  >>> o.s.c.c.client.ConfigServicePropertySourceLocator >>> Connect Timeout Exception on Url - http://localhost:8888. Will be trying the next url if available
2020-09-03 11:45:03.943 >>> [main] >>> WARN  >>> o.s.c.c.client.ConfigServicePropertySourceLocator >>> Could not locate PropertySource: I/O error on GET request for "http://localhost:8888/application/default": Connection refused: connect; nested exception is java.net.ConnectException: Connection refused: connect
2020-09-03 11:45:03.949 >>> [main] >>> INFO  >>> com.example.demo.DemoApplicationTests >>> No active profile set, falling back to default profiles: default
2020-09-03 11:45:04.231 >>> [main] >>> INFO  >>> o.s.d.r.config.RepositoryConfigurationDelegate >>> Multiple Spring Data modules found, entering strict repository configuration mode!
2020-09-03 11:45:04.233 >>> [main] >>> INFO  >>> o.s.d.r.config.RepositoryConfigurationDelegate >>> Bootstrapping Spring Data Redis repositories in DEFAULT mode.
2020-09-03 11:45:04.254 >>> [main] >>> INFO  >>> o.s.d.r.config.RepositoryConfigurationDelegate >>> Finished Spring Data repository scanning in 10ms. Found 0 Redis repository interfaces.
2020-09-03 11:45:04.410 >>> [main] >>> INFO  >>> o.springframework.cloud.context.scope.GenericScope >>> BeanFactory id=5aacf2d5-4bac-3338-b9d9-fa40fdba5260
2020-09-03 11:45:05.072 >>> [main] >>> INFO  >>> o.s.scheduling.concurrent.ThreadPoolTaskExecutor >>> Initializing ExecutorService 'applicationTaskExecutor'
2020-09-03 11:45:05.850 >>> [main] >>> INFO  >>> com.example.demo.DemoApplicationTests >>> Started DemoApplicationTests in 3.646 seconds (JVM running for 4.323)
2020-09-03 11:45:06.072 >>> [SpringContextShutdownHook] >>> INFO  >>> o.s.scheduling.concurrent.ThreadPoolTaskExecutor >>> Shutting down ExecutorService 'applicationTaskExecutor'
